<?xml version="1.0" encoding="UTF-8" ?>
<testsuite tests="17" failures="0" name="runner.TestRunner" time="1.934" errors="0" skipped="0">
  <properties>
    <property name="java.runtime.name" value="Java(TM) SE Runtime Environment"/>
    <property name="sun.boot.library.path" value="C:\Program Files\Java\jdk1.8.0_201\jre\bin"/>
    <property name="java.vm.version" value="25.201-b09"/>
    <property name="java.vm.vendor" value="Oracle Corporation"/>
    <property name="maven.multiModuleProjectDirectory" value="C:\Users\Çatatay\MagicLeapAssignment\MagicLeapAssignment"/>
    <property name="java.vendor.url" value="http://java.oracle.com/"/>
    <property name="path.separator" value=";"/>
    <property name="guice.disable.misplaced.annotation.check" value="true"/>
    <property name="java.vm.name" value="Java HotSpot(TM) 64-Bit Server VM"/>
    <property name="file.encoding.pkg" value="sun.io"/>
    <property name="user.script" value=""/>
    <property name="user.country" value="TR"/>
    <property name="sun.java.launcher" value="SUN_STANDARD"/>
    <property name="sun.os.patch.level" value=""/>
    <property name="java.vm.specification.name" value="Java Virtual Machine Specification"/>
    <property name="user.dir" value="C:\Users\Çatatay\MagicLeapAssignment\MagicLeapAssignment"/>
    <property name="java.runtime.version" value="1.8.0_201-b09"/>
    <property name="java.awt.graphicsenv" value="sun.awt.Win32GraphicsEnvironment"/>
    <property name="java.endorsed.dirs" value="C:\Program Files\Java\jdk1.8.0_201\jre\lib\endorsed"/>
    <property name="os.arch" value="amd64"/>
    <property name="java.io.tmpdir" value="C:\Users\ATATAY~1\AppData\Local\Temp\"/>
    <property name="line.separator" value="
"/>
    <property name="java.vm.specification.vendor" value="Oracle Corporation"/>
    <property name="user.variant" value=""/>
    <property name="os.name" value="Windows 10"/>
    <property name="classworlds.conf" value="C:\Users\Çatatay\MagicLeapAssignment\.metadata\.plugins\org.eclipse.m2e.launching\launches\m2conf1183668692707981954.tmp"/>
    <property name="sun.jnu.encoding" value="Cp1254"/>
    <property name="java.library.path" value="C:\Program Files\Java\jdk1.8.0_201\bin;C:\Windows\Sun\Java\bin;C:\Windows\system32;C:\Windows;C:/Program Files/Java/jre1.8.0_201/bin/server;C:/Program Files/Java/jre1.8.0_201/bin;C:/Program Files/Java/jre1.8.0_201/lib/amd64;C:\Python27\;C:\Python27\Scripts;C:\Program Files (x86)\Common Files\Oracle\Java\javapath;C:\Windows\system32;C:\Windows;C:\Windows\System32\Wbem;C:\Windows\System32\WindowsPowerShell\v1.0\;C:\Windows\System32\OpenSSH\;C:\Program Files\dotnet\;C:\Program Files\nodejs\;C:\ProgramData\chocolatey\bin;C:\Users\Çatatay\AppData\Local\Microsoft\WindowsApps;C:\Users\Çatatay\AppData\Roaming\npm;C:\Users\Çatatay\eclipse\java-2019-03\eclipse;;."/>
    <property name="java.specification.name" value="Java Platform API Specification"/>
    <property name="java.class.version" value="52.0"/>
    <property name="sun.management.compiler" value="HotSpot 64-Bit Tiered Compilers"/>
    <property name="os.version" value="10.0"/>
    <property name="user.home" value="C:\Users\Çatatay"/>
    <property name="user.timezone" value="America/New_York"/>
    <property name="java.awt.printerjob" value="sun.awt.windows.WPrinterJob"/>
    <property name="java.specification.version" value="1.8"/>
    <property name="file.encoding" value="Cp1254"/>
    <property name="user.name" value="Çatatay"/>
    <property name="java.class.path" value="C:\Users\Çatatay\.p2\pool\plugins\org.eclipse.m2e.maven.runtime_1.11.0.20190220-2117\jars\plexus-classworlds-2.5.2.jar"/>
    <property name="java.vm.specification.version" value="1.8"/>
    <property name="sun.arch.data.model" value="64"/>
    <property name="java.home" value="C:\Program Files\Java\jdk1.8.0_201\jre"/>
    <property name="sun.java.command" value="org.codehaus.plexus.classworlds.launcher.Launcher -B clean install"/>
    <property name="java.specification.vendor" value="Oracle Corporation"/>
    <property name="user.language" value="tr"/>
    <property name="awt.toolkit" value="sun.awt.windows.WToolkit"/>
    <property name="java.vm.info" value="mixed mode"/>
    <property name="java.version" value="1.8.0_201"/>
    <property name="java.ext.dirs" value="C:\Program Files\Java\jdk1.8.0_201\jre\lib\ext;C:\Windows\Sun\Java\lib\ext"/>
    <property name="sun.boot.class.path" value="C:\Program Files\Java\jdk1.8.0_201\jre\lib\resources.jar;C:\Program Files\Java\jdk1.8.0_201\jre\lib\rt.jar;C:\Program Files\Java\jdk1.8.0_201\jre\lib\sunrsasign.jar;C:\Program Files\Java\jdk1.8.0_201\jre\lib\jsse.jar;C:\Program Files\Java\jdk1.8.0_201\jre\lib\jce.jar;C:\Program Files\Java\jdk1.8.0_201\jre\lib\charsets.jar;C:\Program Files\Java\jdk1.8.0_201\jre\lib\jfr.jar;C:\Program Files\Java\jdk1.8.0_201\jre\classes"/>
    <property name="java.vendor" value="Oracle Corporation"/>
    <property name="maven.home" value="C:\Users\Çatatay\MagicLeapAssignment\MagicLeapAssignment\EMBEDDED"/>
    <property name="file.separator" value="\"/>
    <property name="java.vendor.url.bug" value="http://bugreport.sun.com/bugreport/"/>
    <property name="sun.cpu.endian" value="little"/>
    <property name="sun.io.unicode.encoding" value="UnicodeLittle"/>
    <property name="sun.desktop" value="windows"/>
    <property name="sun.cpu.isalist" value="amd64"/>
  </properties>
  <testcase classname="Scenario: Subscribe Successfully" name="Given User is on homepage" time="0.024"/>
  <testcase classname="Scenario: Subscribe Successfully" name="And Magic Leap One Creation Edition is exist" time="0"/>
  <testcase classname="Scenario: Subscribe Successfully" name="When User navigates to Keep In Touch Segment" time="0"/>
  <testcase classname="Scenario: Subscribe Successfully" name="And User enters Email as &quot;cagatayince@hotmail.com&quot;" time="0"/>
  <testcase classname="Scenario: Subscribe Successfully" name="And User enters Name as &quot;Cagatay Ince&quot;" time="0"/>
  <testcase classname="Scenario: Subscribe Successfully" name="And User select the InterestedIn as &quot;I&apos;m a developer&quot;" time="0"/>
  <testcase classname="Scenario: Subscribe Successfully" name="And User Click Submit" time="0"/>
  <testcase classname="Scenario: Subscribe Successfully" name="Then User should see the success message" time="0"/>
  <testcase classname="Scenario: Subscribe Successfully" name="Scenario: Subscribe Successfully" time="1.009"/>
  <testcase classname="Scenario: Check the Subscription message is not wrong." name="Given User is on homepage" time="0"/>
  <testcase classname="Scenario: Check the Subscription message is not wrong." name="When User navigates to Keep In Touch Segment" time="0"/>
  <testcase classname="Scenario: Check the Subscription message is not wrong." name="And User enters Email as &quot;cagatayince@hotmail.com&quot;" time="0"/>
  <testcase classname="Scenario: Check the Subscription message is not wrong." name="And User enters Name as &quot;Cagatay Ince&quot;" time="0"/>
  <testcase classname="Scenario: Check the Subscription message is not wrong." name="And User select the InterestedIn as &quot;I&apos;m a developer&quot;" time="0"/>
  <testcase classname="Scenario: Check the Subscription message is not wrong." name="And User Click Submit" time="0"/>
  <testcase classname="Scenario: Check the Subscription message is not wrong." name="Then User should not see the wrong success message" time="0"/>
  <testcase classname="Scenario: Check the Subscription message is not wrong." name="Scenario: Check the Subscription message is not wrong." time="0.901"/>
</testsuite>